<?xml version="1.0" encoding="utf-8"?>
<coverage line-rate="1" branch-rate="0.9181" version="1.9" timestamp="1774994467" lines-covered="489" lines-valid="489" branches-covered="101" branches-valid="110">
  <sources>
    <source>C:\Users\klebe\source\repos\Domolibri\SaaS-Editorial\backend\src\</source>
  </sources>
  <packages>
    <package name="DomoLibri.Api" line-rate="1" branch-rate="0.94" complexity="79">
      <classes>
        <class name="DomoLibri.Api.ProblemDetailsHelper" filename="DomoLibri.Api\ProblemDetailsHelper.cs" line-rate="1" branch-rate="1" complexity="28">
          <methods>
            <method name="GetTypeUri" signature="(System.Int32)" line-rate="1" branch-rate="1" complexity="14">
              <lines>
                <line number="9" hits="16" branch="True" condition-coverage="100% (14/14)">
                  <conditions>
                    <condition number="10" type="jump" coverage="100%" />
                    <condition number="19" type="switch" coverage="100%" />
                    <condition number="62" type="jump" coverage="100%" />
                    <condition number="52" type="jump" coverage="100%" />
                    <condition number="72" type="jump" coverage="100%" />
                  </conditions>
                </line>
                <line number="10" hits="16" branch="False" />
                <line number="11" hits="3" branch="False" />
                <line number="12" hits="2" branch="False" />
                <line number="13" hits="1" branch="False" />
                <line number="14" hits="1" branch="False" />
                <line number="15" hits="2" branch="False" />
                <line number="16" hits="1" branch="False" />
                <line number="17" hits="1" branch="False" />
                <line number="18" hits="5" branch="False" />
                <line number="19" hits="16" branch="False" />
              </lines>
            </method>
            <method name="GetTitle" signature="(System.Int32)" line-rate="1" branch-rate="1" complexity="14">
              <lines>
                <line number="25" hits="16" branch="True" condition-coverage="100% (14/14)">
                  <conditions>
                    <condition number="10" type="jump" coverage="100%" />
                    <condition number="19" type="switch" coverage="100%" />
                    <condition number="62" type="jump" coverage="100%" />
                    <condition number="52" type="jump" coverage="100%" />
                    <condition number="72" type="jump" coverage="100%" />
                  </conditions>
                </line>
                <line number="26" hits="16" branch="False" />
                <line number="27" hits="3" branch="False" />
                <line number="28" hits="2" branch="False" />
                <line number="29" hits="1" branch="False" />
                <line number="30" hits="1" branch="False" />
                <line number="31" hits="2" branch="False" />
                <line number="32" hits="1" branch="False" />
                <line number="33" hits="1" branch="False" />
                <line number="34" hits="5" branch="False" />
                <line number="35" hits="16" branch="False" />
              </lines>
            </method>
          </methods>
          <lines>
            <line number="9" hits="16" branch="True" condition-coverage="100% (14/14)">
              <conditions>
                <condition number="10" type="jump" coverage="100%" />
                <condition number="19" type="switch" coverage="100%" />
                <condition number="62" type="jump" coverage="100%" />
                <condition number="52" type="jump" coverage="100%" />
                <condition number="72" type="jump" coverage="100%" />
              </conditions>
            </line>
            <line number="10" hits="16" branch="False" />
            <line number="11" hits="3" branch="False" />
            <line number="12" hits="2" branch="False" />
            <line number="13" hits="1" branch="False" />
            <line number="14" hits="1" branch="False" />
            <line number="15" hits="2" branch="False" />
            <line number="16" hits="1" branch="False" />
            <line number="17" hits="1" branch="False" />
            <line number="18" hits="5" branch="False" />
            <line number="19" hits="16" branch="False" />
            <line number="25" hits="16" branch="True" condition-coverage="100% (14/14)">
              <conditions>
                <condition number="10" type="jump" coverage="100%" />
                <condition number="19" type="switch" coverage="100%" />
                <condition number="62" type="jump" coverage="100%" />
                <condition number="52" type="jump" coverage="100%" />
                <condition number="72" type="jump" coverage="100%" />
              </conditions>
            </line>
            <line number="26" hits="16" branch="False" />
            <line number="27" hits="3" branch="False" />
            <line number="28" hits="2" branch="False" />
            <line number="29" hits="1" branch="False" />
            <line number="30" hits="1" branch="False" />
            <line number="31" hits="2" branch="False" />
            <line number="32" hits="1" branch="False" />
            <line number="33" hits="1" branch="False" />
            <line number="34" hits="5" branch="False" />
            <line number="35" hits="16" branch="False" />
          </lines>
        </class>
        <class name="DomoLibri.Api.Controllers.Onboarding.RegisterRequest" filename="DomoLibri.Api\Controllers\Onboarding\AuthController.cs" line-rate="1" branch-rate="1" complexity="5">
          <methods>
            <method name="get_NomeEditora" signature="()" line-rate="1" branch-rate="1" complexity="1">
              <lines>
                <line number="12" hits="3" branch="False" />
              </lines>
            </method>
            <method name="get_EmailAdmin" signature="()" line-rate="1" branch-rate="1" complexity="1">
              <lines>
                <line number="16" hits="3" branch="False" />
              </lines>
            </method>
            <method name="get_Senha" signature="()" line-rate="1" branch-rate="1" complexity="1">
              <lines>
                <line number="22" hits="3" branch="False" />
              </lines>
            </method>
            <method name="get_NomeAdmin" signature="()" line-rate="1" branch-rate="1" complexity="1">
              <lines>
                <line number="26" hits="6" branch="False" />
              </lines>
            </method>
            <method name=".ctor" signature="(System.String,System.String,System.String,System.String)" line-rate="1" branch-rate="1" complexity="1">
              <lines>
                <line number="9" hits="3" branch="False" />
                <line number="10" hits="3" branch="False" />
                <line number="11" hits="3" branch="False" />
                <line number="13" hits="3" branch="False" />
                <line number="14" hits="3" branch="False" />
                <line number="15" hits="3" branch="False" />
                <line number="17" hits="3" branch="False" />
                <line number="18" hits="3" branch="False" />
                <line number="19" hits="3" branch="False" />
                <line number="20" hits="3" branch="False" />
                <line number="21" hits="3" branch="False" />
                <line number="23" hits="3" branch="False" />
                <line number="24" hits="3" branch="False" />
                <line number="25" hits="3" branch="False" />
              </lines>
            </method>
          </methods>
          <lines>
            <line number="12" hits="3" branch="False" />
            <line number="16" hits="3" branch="False" />
            <line number="22" hits="3" branch="False" />
            <line number="26" hits="6" branch="False" />
            <line number="9" hits="3" branch="False" />
            <line number="10" hits="3" branch="False" />
            <line number="11" hits="3" branch="False" />
            <line number="13" hits="3" branch="False" />
            <line number="14" hits="3" branch="False" />
            <line number="15" hits="3" branch="False" />
            <line number="17" hits="3" branch="False" />
            <line number="18" hits="3" branch="False" />
            <line number="19" hits="3" branch="False" />
            <line number="20" hits="3" branch="False" />
            <line number="21" hits="3" branch="False" />
            <line number="23" hits="3" branch="False" />
            <line number="24" hits="3" branch="False" />
            <line number="25" hits="3" branch="False" />
          </lines>
        </class>
        <class name="DomoLibri.Api.Controllers.Onboarding.LoginRequest" filename="DomoLibri.Api\Controllers\Onboarding\AuthController.cs" line-rate="1" branch-rate="1" complexity="3">
          <methods>
            <method name="get_Email" signature="()" line-rate="1" branch-rate="1" complexity="1">
              <lines>
                <line number="31" hits="3" branch="False" />
              </lines>
            </method>
            <method name="get_Senha" signature="()" line-rate="1" branch-rate="1" complexity="1">
              <lines>
                <line number="34" hits="6" branch="False" />
              </lines>
            </method>
            <method name=".ctor" signature="(System.String,System.String)" line-rate="1" branch-rate="1" complexity="1">
              <lines>
                <line number="28" hits="3" branch="False" />
                <line number="29" hits="3" branch="False" />
                <line number="30" hits="3" branch="False" />
                <line number="32" hits="3" branch="False" />
                <line number="33" hits="3" branch="False" />
              </lines>
            </method>
          </methods>
          <lines>
            <line number="31" hits="3" branch="False" />
            <line number="34" hits="6" branch="False" />
            <line number="28" hits="3" branch="False" />
            <line number="29" hits="3" branch="False" />
            <line number="30" hits="3" branch="False" />
            <line number="32" hits="3" branch="False" />
            <line number="33" hits="3" branch="False" />
          </lines>
        </class>
        <class name="DomoLibri.Api.Controllers.Onboarding.VerifyEmailRequest" filename="DomoLibri.Api\Controllers\Onboarding\AuthController.cs" line-rate="1" branch-rate="1" complexity="3">
          <methods>
            <method name="get_Email" signature="()" line-rate="1" branch-rate="1" complexity="1">
              <lines>
                <line number="39" hits="2" branch="False" />
              </lines>
            </method>
            <method name="get_Token" signature="()" line-rate="1" branch-rate="1" complexity="1">
              <lines>
                <line number="42" hits="4" branch="False" />
              </lines>
            </method>
            <method name=".ctor" signature="(System.String,System.String)" line-rate="1" branch-rate="1" complexity="1">
              <lines>
                <line number="36" hits="2" branch="False" />
                <line number="37" hits="2" branch="False" />
                <line number="38" hits="2" branch="False" />
                <line number="40" hits="2" branch="False" />
                <line number="41" hits="2" branch="False" />
              </lines>
            </method>
          </methods>
          <lines>
            <line number="39" hits="2" branch="False" />
            <line number="42" hits="4" branch="False" />
            <line number="36" hits="2" branch="False" />
            <line number="37" hits="2" branch="False" />
            <line number="38" hits="2" branch="False" />
            <line number="40" hits="2" branch="False" />
            <line number="41" hits="2" branch="False" />
          </lines>
        </class>
        <class name="DomoLibri.Api.Controllers.Onboarding.ResendVerificationEmailRequest" filename="DomoLibri.Api\Controllers\Onboarding\AuthController.cs" line-rate="1" branch-rate="1" complexity="2">
          <methods>
            <method name="get_Email" signature="()" line-rate="1" branch-rate="1" complexity="1">
              <lines>
                <line number="47" hits="4" branch="False" />
              </lines>
            </method>
            <method name=".ctor" signature="(System.String)" line-rate="1" branch-rate="1" complexity="1">
              <lines>
                <line number="44" hits="2" branch="False" />
                <line number="45" hits="2" branch="False" />
                <line number="46" hits="2" branch="False" />
              </lines>
            </method>
          </methods>
          <lines>
            <line number="47" hits="4" branch="False" />
            <line number="44" hits="2" branch="False" />
            <line number="45" hits="2" branch="False" />
            <line number="46" hits="2" branch="False" />
          </lines>
        </class>
        <class name="DomoLibri.Api.Controllers.Onboarding.ForgotPasswordRequest" filename="DomoLibri.Api\Controllers\Onboarding\AuthController.cs" line-rate="1" branch-rate="1" complexity="2">
          <methods>
            <method name="get_Email" signature="()" line-rate="1" branch-rate="1" complexity="1">
              <lines>
                <line number="52" hits="2" branch="False" />
              </lines>
            </method>
            <method name=".ctor" signature="(System.String)" line-rate="1" branch-rate="1" complexity="1">
              <lines>
                <line number="49" hits="1" branch="False" />
                <line number="50" hits="1" branch="False" />
                <line number="51" hits="1" branch="False" />
              </lines>
            </method>
          </methods>
          <lines>
            <line number="52" hits="2" branch="False" />
            <line number="49" hits="1" branch="False" />
            <line number="50" hits="1" branch="False" />
            <line number="51" hits="1" branch="False" />
          </lines>
        </class>
        <class name="DomoLibri.Api.Controllers.Onboarding.ResetPasswordRequest" filename="DomoLibri.Api\Controllers\Onboarding\AuthController.cs" line-rate="1" branch-rate="1" complexity="4">
          <methods>
            <method name="get_Email" signature="()" line-rate="1" branch-rate="1" complexity="1">
              <lines>
                <line number="57" hits="3" branch="False" />
              </lines>
            </method>
            <method name="get_Token" signature="()" line-rate="1" branch-rate="1" complexity="1">
              <lines>
                <line number="60" hits="3" branch="False" />
              </lines>
            </method>
            <method name="get_NovaSenha" signature="()" line-rate="1" branch-rate="1" complexity="1">
              <lines>
                <line number="66" hits="6" branch="False" />
              </lines>
            </method>
            <method name=".ctor" signature="(System.String,System.String,System.String)" line-rate="1" branch-rate="1" complexity="1">
              <lines>
                <line number="54" hits="3" branch="False" />
                <line number="55" hits="3" branch="False" />
                <line number="56" hits="3" branch="False" />
                <line number="58" hits="3" branch="False" />
                <line number="59" hits="3" branch="False" />
                <line number="61" hits="3" branch="False" />
                <line number="62" hits="3" branch="False" />
                <line number="63" hits="3" branch="False" />
                <line number="64" hits="3" branch="False" />
                <line number="65" hits="3" branch="False" />
              </lines>
            </method>
          </methods>
          <lines>
            <line number="57" hits="3" branch="False" />
            <line number="60" hits="3" branch="False" />
            <line number="66" hits="6" branch="False" />
            <line number="54" hits="3" branch="False" />
            <line number="55" hits="3" branch="False" />
            <line number="56" hits="3" branch="False" />
            <line number="58" hits="3" branch="False" />
            <line number="59" hits="3" branch="False" />
            <line number="61" hits="3" branch="False" />
            <line number="62" hits="3" branch="False" />
            <line number="63" hits="3" branch="False" />
            <line number="64" hits="3" branch="False" />
            <line number="65" hits="3" branch="False" />
          </lines>
        </class>
        <class name="DomoLibri.Api.Controllers.Onboarding.AuthController" filename="DomoLibri.Api\Controllers\Onboarding\AuthController.cs" line-rate="1" branch-rate="0.7857" complexity="17">
          <methods>
            <method name="Me" signature="()" line-rate="1" branch-rate="0.7857" complexity="14">
              <lines>
                <line number="215" hits="2" branch="False" />
                <line number="216" hits="2" branch="True" condition-coverage="50% (1/2)">
                  <conditions>
                    <condition number="18" type="jump" coverage="50%" />
                  </conditions>
                </line>
                <line number="217" hits="2" branch="True" condition-coverage="83.33% (5/6)">
                  <conditions>
                    <condition number="47" type="jump" coverage="100%" />
                    <condition number="59" type="jump" coverage="100%" />
                    <condition number="79" type="jump" coverage="50%" />
                  </conditions>
                </line>
                <line number="218" hits="2" branch="False" />
                <line number="219" hits="2" branch="True" condition-coverage="83.33% (5/6)">
                  <conditions>
                    <condition number="108" type="jump" coverage="100%" />
                    <condition number="120" type="jump" coverage="100%" />
                    <condition number="140" type="jump" coverage="50%" />
                  </conditions>
                </line>
                <line number="220" hits="2" branch="False" />
                <line number="222" hits="2" branch="False" />
                <line number="223" hits="2" branch="False" />
              </lines>
            </method>
            <method name="Logout" signature="()" line-rate="1" branch-rate="1" complexity="1">
              <lines>
                <line number="230" hits="1" branch="False" />
                <line number="231" hits="1" branch="False" />
                <line number="232" hits="1" branch="False" />
                <line number="233" hits="1" branch="False" />
              </lines>
            </method>
            <method name="SetTokenCookie" signature="(System.String)" line-rate="1" branch-rate="1" complexity="1">
              <lines>
                <line number="236" hits="2" branch="False" />
                <line number="237" hits="2" branch="False" />
                <line number="238" hits="2" branch="False" />
                <line number="239" hits="2" branch="False" />
                <line number="240" hits="2" branch="False" />
                <line number="241" hits="2" branch="False" />
                <line number="242" hits="2" branch="False" />
                <line number="243" hits="2" branch="False" />
                <line number="244" hits="2" branch="False" />
                <line number="245" hits="2" branch="False" />
              </lines>
            </method>
            <method name=".ctor" signature="(DomoLibri.Application.Services.IAuthService)" line-rate="1" branch-rate="1" complexity="1">
              <lines>
                <line number="75" hits="17" branch="False" />
                <line number="76" hits="17" branch="False" />
                <line number="77" hits="17" branch="False" />
                <line number="78" hits="17" branch="False" />
              </lines>
            </method>
          </methods>
          <lines>
            <line number="215" hits="2" branch="False" />
            <line number="216" hits="2" branch="True" condition-coverage="50% (1/2)">
              <conditions>
                <condition number="18" type="jump" coverage="50%" />
              </conditions>
            </line>
            <line number="217" hits="2" branch="True" condition-coverage="83.33% (5/6)">
              <conditions>
                <condition number="47" type="jump" coverage="100%" />
                <condition number="59" type="jump" coverage="100%" />
                <condition number="79" type="jump" coverage="50%" />
              </conditions>
            </line>
            <line number="218" hits="2" branch="False" />
            <line number="219" hits="2" branch="True" condition-coverage="83.33% (5/6)">
              <conditions>
                <condition number="108" type="jump" coverage="100%" />
                <condition number="120" type="jump" coverage="100%" />
                <condition number="140" type="jump" coverage="50%" />
              </conditions>
            </line>
            <line number="220" hits="2" branch="False" />
            <line number="222" hits="2" branch="False" />
            <line number="223" hits="2" branch="False" />
            <line number="230" hits="1" branch="False" />
            <line number="231" hits="1" branch="False" />
            <line number="232" hits="1" branch="False" />
            <line number="233" hits="1" branch="False" />
            <line number="236" hits="2" branch="False" />
            <line number="237" hits="2" branch="False" />
            <line number="238" hits="2" branch="False" />
            <line number="239" hits="2" branch="False" />
            <line number="240" hits="2" branch="False" />
            <line number="241" hits="2" branch="False" />
            <line number="242" hits="2" branch="False" />
            <line number="243" hits="2" branch="False" />
            <line number="244" hits="2" branch="False" />
            <line number="245" hits="2" branch="False" />
            <line number="75" hits="17" branch="False" />
            <line number="76" hits="17" branch="False" />
            <line number="77" hits="17" branch="False" />
            <line number="78" hits="17" branch="False" />
          </lines>
        </class>
        <class name="DomoLibri.Api.Controllers.Onboarding.AuthController/&lt;ForgotPassword&gt;d__6" filename="DomoLibri.Api\Controllers\Onboarding\AuthController.cs" line-rate="1" branch-rate="1" complexity="1">
          <methods>
            <method name="MoveNext" signature="()" line-rate="1" branch-rate="1" complexity="1">
              <lines>
                <line number="181" hits="1" branch="False" />
                <line number="182" hits="1" branch="False" />
                <line number="183" hits="1" branch="False" />
                <line number="184" hits="1" branch="False" />
              </lines>
            </method>
          </methods>
          <lines>
            <line number="181" hits="1" branch="False" />
            <line number="182" hits="1" branch="False" />
            <line number="183" hits="1" branch="False" />
            <line number="184" hits="1" branch="False" />
          </lines>
        </class>
        <class name="DomoLibri.Api.Controllers.Onboarding.AuthController/&lt;Login&gt;d__4" filename="DomoLibri.Api\Controllers\Onboarding\AuthController.cs" line-rate="1" branch-rate="1" complexity="1">
          <methods>
            <method name="MoveNext" signature="()" line-rate="1" branch-rate="1" complexity="1">
              <lines>
                <line number="143" hits="3" branch="False" />
                <line number="145" hits="3" branch="False" />
                <line number="146" hits="3" branch="False" />
                <line number="147" hits="3" branch="False" />
                <line number="149" hits="2" branch="False" />
                <line number="151" hits="2" branch="False" />
                <line number="153" hits="1" branch="False" />
                <line number="154" hits="1" branch="False" />
                <line number="155" hits="1" branch="False" />
                <line number="156" hits="1" branch="False" />
                <line number="157" hits="1" branch="False" />
                <line number="158" hits="1" branch="False" />
                <line number="159" hits="1" branch="False" />
                <line number="160" hits="1" branch="False" />
                <line number="162" hits="3" branch="False" />
              </lines>
            </method>
          </methods>
          <lines>
            <line number="143" hits="3" branch="False" />
            <line number="145" hits="3" branch="False" />
            <line number="146" hits="3" branch="False" />
            <line number="147" hits="3" branch="False" />
            <line number="149" hits="2" branch="False" />
            <line number="151" hits="2" branch="False" />
            <line number="153" hits="1" branch="False" />
            <line number="154" hits="1" branch="False" />
            <line number="155" hits="1" branch="False" />
            <line number="156" hits="1" branch="False" />
            <line number="157" hits="1" branch="False" />
            <line number="158" hits="1" branch="False" />
            <line number="159" hits="1" branch="False" />
            <line number="160" hits="1" branch="False" />
            <line number="162" hits="3" branch="False" />
          </lines>
        </class>
        <class name="DomoLibri.Api.Controllers.Onboarding.AuthController/&lt;Register&gt;d__2" filename="DomoLibri.Api\Controllers\Onboarding\AuthController.cs" line-rate="1" branch-rate="1" complexity="1">
          <methods>
            <method name="MoveNext" signature="()" line-rate="1" branch-rate="1" complexity="1">
              <lines>
                <line number="86" hits="3" branch="False" />
                <line number="88" hits="3" branch="False" />
                <line number="89" hits="3" branch="False" />
                <line number="90" hits="3" branch="False" />
                <line number="91" hits="3" branch="False" />
                <line number="92" hits="3" branch="False" />
                <line number="93" hits="3" branch="False" />
                <line number="95" hits="3" branch="False" />
                <line number="99" hits="2" branch="False" />
                <line number="100" hits="2" branch="False" />
                <line number="101" hits="2" branch="False" />
                <line number="103" hits="1" branch="False" />
                <line number="104" hits="1" branch="False" />
                <line number="105" hits="1" branch="False" />
                <line number="106" hits="1" branch="False" />
                <line number="107" hits="1" branch="False" />
                <line number="108" hits="1" branch="False" />
                <line number="109" hits="1" branch="False" />
                <line number="110" hits="1" branch="False" />
                <line number="112" hits="3" branch="False" />
              </lines>
            </method>
          </methods>
          <lines>
            <line number="86" hits="3" branch="False" />
            <line number="88" hits="3" branch="False" />
            <line number="89" hits="3" branch="False" />
            <line number="90" hits="3" branch="False" />
            <line number="91" hits="3" branch="False" />
            <line number="92" hits="3" branch="False" />
            <line number="93" hits="3" branch="False" />
            <line number="95" hits="3" branch="False" />
            <line number="99" hits="2" branch="False" />
            <line number="100" hits="2" branch="False" />
            <line number="101" hits="2" branch="False" />
            <line number="103" hits="1" branch="False" />
            <line number="104" hits="1" branch="False" />
            <line number="105" hits="1" branch="False" />
            <line number="106" hits="1" branch="False" />
            <line number="107" hits="1" branch="False" />
            <line number="108" hits="1" branch="False" />
            <line number="109" hits="1" branch="False" />
            <line number="110" hits="1" branch="False" />
            <line number="112" hits="3" branch="False" />
          </lines>
        </class>
        <class name="DomoLibri.Api.Controllers.Onboarding.AuthController/&lt;ResendVerificationEmail&gt;d__5" filename="DomoLibri.Api\Controllers\Onboarding\AuthController.cs" line-rate="1" branch-rate="1" complexity="1">
          <methods>
            <method name="MoveNext" signature="()" line-rate="1" branch-rate="1" complexity="1">
              <lines>
                <line number="170" hits="2" branch="False" />
                <line number="171" hits="2" branch="False" />
                <line number="172" hits="2" branch="False" />
                <line number="173" hits="2" branch="False" />
              </lines>
            </method>
          </methods>
          <lines>
            <line number="170" hits="2" branch="False" />
            <line number="171" hits="2" branch="False" />
            <line number="172" hits="2" branch="False" />
            <line number="173" hits="2" branch="False" />
          </lines>
        </class>
        <class name="DomoLibri.Api.Controllers.Onboarding.AuthController/&lt;ResetPassword&gt;d__7" filename="DomoLibri.Api\Controllers\Onboarding\AuthController.cs" line-rate="1" branch-rate="1" complexity="1">
          <methods>
            <method name="MoveNext" signature="()" line-rate="1" branch-rate="1" complexity="1">
              <lines>
                <line number="191" hits="3" branch="False" />
                <line number="193" hits="3" branch="False" />
                <line number="194" hits="3" branch="False" />
                <line number="195" hits="2" branch="False" />
                <line number="197" hits="1" branch="False" />
                <line number="198" hits="1" branch="False" />
                <line number="199" hits="1" branch="False" />
                <line number="200" hits="1" branch="False" />
                <line number="201" hits="1" branch="False" />
                <line number="202" hits="1" branch="False" />
                <line number="203" hits="1" branch="False" />
                <line number="204" hits="1" branch="False" />
                <line number="206" hits="3" branch="False" />
              </lines>
            </method>
          </methods>
          <lines>
            <line number="191" hits="3" branch="False" />
            <line number="193" hits="3" branch="False" />
            <line number="194" hits="3" branch="False" />
            <line number="195" hits="2" branch="False" />
            <line number="197" hits="1" branch="False" />
            <line number="198" hits="1" branch="False" />
            <line number="199" hits="1" branch="False" />
            <line number="200" hits="1" branch="False" />
            <line number="201" hits="1" branch="False" />
            <line number="202" hits="1" branch="False" />
            <line number="203" hits="1" branch="False" />
            <line number="204" hits="1" branch="False" />
            <line number="206" hits="3" branch="False" />
          </lines>
        </class>
        <class name="DomoLibri.Api.Controllers.Onboarding.AuthController/&lt;VerifyEmail&gt;d__3" filename="DomoLibri.Api\Controllers\Onboarding\AuthController.cs" line-rate="1" branch-rate="1" complexity="1">
          <methods>
            <method name="MoveNext" signature="()" line-rate="1" branch-rate="1" complexity="1">
              <lines>
                <line number="119" hits="2" branch="False" />
                <line number="121" hits="2" branch="False" />
                <line number="122" hits="2" branch="False" />
                <line number="123" hits="2" branch="False" />
                <line number="125" hits="1" branch="False" />
                <line number="127" hits="1" branch="False" />
                <line number="128" hits="1" branch="False" />
                <line number="129" hits="1" branch="False" />
                <line number="130" hits="1" branch="False" />
                <line number="131" hits="1" branch="False" />
                <line number="132" hits="1" branch="False" />
                <line number="133" hits="1" branch="False" />
                <line number="134" hits="1" branch="False" />
                <line number="136" hits="2" branch="False" />
              </lines>
            </method>
          </methods>
          <lines>
            <line number="119" hits="2" branch="False" />
            <line number="121" hits="2" branch="False" />
            <line number="122" hits="2" branch="False" />
            <line number="123" hits="2" branch="False" />
            <line number="125" hits="1" branch="False" />
            <line number="127" hits="1" branch="False" />
            <line number="128" hits="1" branch="False" />
            <line number="129" hits="1" branch="False" />
            <line number="130" hits="1" branch="False" />
            <line number="131" hits="1" branch="False" />
            <line number="132" hits="1" branch="False" />
            <line number="133" hits="1" branch="False" />
            <line number="134" hits="1" branch="False" />
            <line number="136" hits="2" branch="False" />
          </lines>
        </class>
        <class name="DomoLibri.Api.Controllers.Onboarding.EditoraController" filename="DomoLibri.Api\Controllers\Onboarding\EditoraController.cs" line-rate="1" branch-rate="1" complexity="1">
          <methods>
            <method name=".ctor" signature="(DomoLibri.Application.Interfaces.IStorageService,DomoLibri.Infrastructure.Data.ITenantProvider,DomoLibri.Infrastructure.Data.DomoLibriDbContext)" line-rate="1" branch-rate="1" complexity="1">
              <lines>
                <line number="18" hits="6" branch="False" />
                <line number="19" hits="6" branch="False" />
                <line number="20" hits="6" branch="False" />
                <line number="21" hits="6" branch="False" />
                <line number="22" hits="6" branch="False" />
                <line number="23" hits="6" branch="False" />
                <line number="24" hits="6" branch="False" />
                <line number="25" hits="6" branch="False" />
                <line number="26" hits="6" branch="False" />
              </lines>
            </method>
          </methods>
          <lines>
            <line number="18" hits="6" branch="False" />
            <line number="19" hits="6" branch="False" />
            <line number="20" hits="6" branch="False" />
            <line number="21" hits="6" branch="False" />
            <line number="22" hits="6" branch="False" />
            <line number="23" hits="6" branch="False" />
            <line number="24" hits="6" branch="False" />
            <line number="25" hits="6" branch="False" />
            <line number="26" hits="6" branch="False" />
          </lines>
        </class>
        <class name="DomoLibri.Api.Controllers.Onboarding.EditoraController/&lt;UpdateBranding&gt;d__4" filename="DomoLibri.Api\Controllers\Onboarding\EditoraController.cs" line-rate="1" branch-rate="1" complexity="8">
          <methods>
            <method name="MoveNext" signature="()" line-rate="1" branch-rate="1" complexity="8">
              <lines>
                <line number="34" hits="6" branch="False" />
                <line number="35" hits="6" branch="False" />
                <line number="36" hits="6" branch="True" condition-coverage="100% (2/2)">
                  <conditions>
                    <condition number="81" type="jump" coverage="100%" />
                  </conditions>
                </line>
                <line number="37" hits="1" branch="False" />
                <line number="39" hits="5" branch="False" />
                <line number="40" hits="5" branch="True" condition-coverage="100% (2/2)">
                  <conditions>
                    <condition number="278" type="jump" coverage="100%" />
                  </conditions>
                </line>
                <line number="41" hits="1" branch="False" />
                <line number="43" hits="4" branch="True" condition-coverage="100% (2/2)">
                  <conditions>
                    <condition number="328" type="jump" coverage="100%" />
                  </conditions>
                </line>
                <line number="44" hits="2" branch="False" />
                <line number="46" hits="4" branch="True" condition-coverage="100% (2/2)">
                  <conditions>
                    <condition number="535" type="jump" coverage="100%" />
                  </conditions>
                </line>
                <line number="47" hits="2" branch="False" />
                <line number="49" hits="4" branch="False" />
                <line number="51" hits="4" branch="False" />
                <line number="52" hits="4" branch="False" />
                <line number="53" hits="4" branch="False" />
                <line number="54" hits="4" branch="False" />
                <line number="55" hits="4" branch="False" />
                <line number="56" hits="6" branch="False" />
              </lines>
            </method>
          </methods>
          <lines>
            <line number="34" hits="6" branch="False" />
            <line number="35" hits="6" branch="False" />
            <line number="36" hits="6" branch="True" condition-coverage="100% (2/2)">
              <conditions>
                <condition number="81" type="jump" coverage="100%" />
              </conditions>
            </line>
            <line number="37" hits="1" branch="False" />
            <line number="39" hits="5" branch="False" />
            <line number="40" hits="5" branch="True" condition-coverage="100% (2/2)">
              <conditions>
                <condition number="278" type="jump" coverage="100%" />
              </conditions>
            </line>
            <line number="41" hits="1" branch="False" />
            <line number="43" hits="4" branch="True" condition-coverage="100% (2/2)">
              <conditions>
                <condition number="328" type="jump" coverage="100%" />
              </conditions>
            </line>
            <line number="44" hits="2" branch="False" />
            <line number="46" hits="4" branch="True" condition-coverage="100% (2/2)">
              <conditions>
                <condition number="535" type="jump" coverage="100%" />
              </conditions>
            </line>
            <line number="47" hits="2" branch="False" />
            <line number="49" hits="4" branch="False" />
            <line number="51" hits="4" branch="False" />
            <line number="52" hits="4" branch="False" />
            <line number="53" hits="4" branch="False" />
            <line number="54" hits="4" branch="False" />
            <line number="55" hits="4" branch="False" />
            <line number="56" hits="6" branch="False" />
          </lines>
        </class>
      </classes>
    </package>
    <package name="DomoLibri.Application" line-rate="1" branch-rate="1" complexity="14">
      <classes>
        <class name="DomoLibri.Application.Services.RegisterEditoraDto" filename="DomoLibri.Application\Services\IAuthService.cs" line-rate="1" branch-rate="1" complexity="5">
          <methods>
            <method name="get_NomeEditora" signature="()" line-rate="1" branch-rate="1" complexity="1">
              <lines>
                <line number="4" hits="22" branch="False" />
              </lines>
            </method>
            <method name="get_EmailAdmin" signature="()" line-rate="1" branch-rate="1" complexity="1">
              <lines>
                <line number="5" hits="12" branch="False" />
              </lines>
            </method>
            <method name="get_Senha" signature="()" line-rate="1" branch-rate="1" complexity="1">
              <lines>
                <line number="6" hits="9" branch="False" />
              </lines>
            </method>
            <method name="get_NomeAdmin" signature="()" line-rate="1" branch-rate="1" complexity="1">
              <lines>
                <line number="7" hits="24" branch="False" />
              </lines>
            </method>
            <method name=".ctor" signature="(System.String,System.String,System.String,System.String)" line-rate="1" branch-rate="1" complexity="1">
              <lines>
                <line number="3" hits="14" branch="False" />
              </lines>
            </method>
          </methods>
          <lines>
            <line number="4" hits="22" branch="False" />
            <line number="5" hits="12" branch="False" />
            <line number="6" hits="9" branch="False" />
            <line number="7" hits="24" branch="False" />
            <line number="3" hits="14" branch="False" />
          </lines>
        </class>
        <class name="DomoLibri.Application.Services.RegisterEditoraResult" filename="DomoLibri.Application\Services\IAuthService.cs" line-rate="1" branch-rate="1" complexity="1">
          <methods>
            <method name="get_EditoraId" signature="()" line-rate="1" branch-rate="1" complexity="1">
              <lines>
                <line number="9" hits="26" branch="False" />
              </lines>
            </method>
          </methods>
          <lines>
            <line number="9" hits="26" branch="False" />
          </lines>
        </class>
        <class name="DomoLibri.Application.Services.LoginDto" filename="DomoLibri.Application\Services\IAuthService.cs" line-rate="1" branch-rate="1" complexity="1">
          <methods>
            <method name="get_Email" signature="()" line-rate="1" branch-rate="1" complexity="1">
              <lines>
                <line number="11" hits="29" branch="False" />
              </lines>
            </method>
          </methods>
          <lines>
            <line number="11" hits="29" branch="False" />
          </lines>
        </class>
        <class name="DomoLibri.Application.Services.LoginResult" filename="DomoLibri.Application\Services\IAuthService.cs" line-rate="1" branch-rate="1" complexity="1">
          <methods>
            <method name="get_Token" signature="()" line-rate="1" branch-rate="1" complexity="1">
              <lines>
                <line number="13" hits="14" branch="False" />
              </lines>
            </method>
          </methods>
          <lines>
            <line number="13" hits="14" branch="False" />
          </lines>
        </class>
        <class name="DomoLibri.Application.Services.VerifyEmailDto" filename="DomoLibri.Application\Services\IAuthService.cs" line-rate="1" branch-rate="1" complexity="1">
          <methods>
            <method name="get_Email" signature="()" line-rate="1" branch-rate="1" complexity="1">
              <lines>
                <line number="15" hits="16" branch="False" />
              </lines>
            </method>
          </methods>
          <lines>
            <line number="15" hits="16" branch="False" />
          </lines>
        </class>
        <class name="DomoLibri.Application.Services.ForgotPasswordDto" filename="DomoLibri.Application\Services\IAuthService.cs" line-rate="1" branch-rate="1" complexity="1">
          <methods>
            <method name="get_Email" signature="()" line-rate="1" branch-rate="1" complexity="1">
              <lines>
                <line number="17" hits="9" branch="False" />
              </lines>
            </method>
          </methods>
          <lines>
            <line number="17" hits="9" branch="False" />
          </lines>
        </class>
        <class name="DomoLibri.Application.Services.ResetPasswordDto" filename="DomoLibri.Application\Services\IAuthService.cs" line-rate="1" branch-rate="1" complexity="1">
          <methods>
            <method name="get_Email" signature="()" line-rate="1" branch-rate="1" complexity="1">
              <lines>
                <line number="19" hits="18" branch="False" />
              </lines>
            </method>
          </methods>
          <lines>
            <line number="19" hits="18" branch="False" />
          </lines>
        </class>
        <class name="DomoLibri.Application.DTOs.UpdateBrandingRequest" filename="DomoLibri.Application\DTOs\UpdateBrandingRequest.cs" line-rate="1" branch-rate="1" complexity="3">
          <methods>
            <method name="get_CorPrimaria" signature="()" line-rate="1" branch-rate="1" complexity="1">
              <lines>
                <line number="6" hits="6" branch="False" />
              </lines>
            </method>
            <method name="get_Logo" signature="()" line-rate="1" branch-rate="1" complexity="1">
              <lines>
                <line number="7" hits="6" branch="False" />
              </lines>
            </method>
            <method name=".ctor" signature="(System.String,Microsoft.AspNetCore.Http.IFormFile)" line-rate="1" branch-rate="1" complexity="1">
              <lines>
                <line number="5" hits="6" branch="False" />
                <line number="8" hits="6" branch="False" />
              </lines>
            </method>
          </methods>
          <lines>
            <line number="6" hits="6" branch="False" />
            <line number="7" hits="6" branch="False" />
            <line number="5" hits="6" branch="False" />
            <line number="8" hits="6" branch="False" />
          </lines>
        </class>
      </classes>
    </package>
    <package name="DomoLibri.Domain" line-rate="1" branch-rate="1" complexity="30">
      <classes>
        <class name="DomoLibri.Domain.Settings.EmailSettings" filename="DomoLibri.Domain\Settings\EmailSettings.cs" line-rate="1" branch-rate="1" complexity="7">
          <methods>
            <method name="get_SmtpServer" signature="()" line-rate="1" branch-rate="1" complexity="1">
              <lines>
                <line number="5" hits="7" branch="False" />
              </lines>
            </method>
            <method name="get_SmtpPort" signature="()" line-rate="1" branch-rate="1" complexity="1">
              <lines>
                <line number="6" hits="8" branch="False" />
              </lines>
            </method>
            <method name="get_UseSsl" signature="()" line-rate="1" branch-rate="1" complexity="1">
              <lines>
                <line number="7" hits="8" branch="False" />
              </lines>
            </method>
            <method name="get_Username" signature="()" line-rate="1" branch-rate="1" complexity="1">
              <lines>
                <line number="8" hits="7" branch="False" />
              </lines>
            </method>
            <method name="get_Password" signature="()" line-rate="1" branch-rate="1" complexity="1">
              <lines>
                <line number="9" hits="7" branch="False" />
              </lines>
            </method>
            <method name="get_SenderName" signature="()" line-rate="1" branch-rate="1" complexity="1">
              <lines>
                <line number="10" hits="7" branch="False" />
              </lines>
            </method>
            <method name="get_SenderEmail" signature="()" line-rate="1" branch-rate="1" complexity="1">
              <lines>
                <line number="11" hits="7" branch="False" />
              </lines>
            </method>
          </methods>
          <lines>
            <line number="5" hits="7" branch="False" />
            <line number="6" hits="8" branch="False" />
            <line number="7" hits="8" branch="False" />
            <line number="8" hits="7" branch="False" />
            <line number="9" hits="7" branch="False" />
            <line number="10" hits="7" branch="False" />
            <line number="11" hits="7" branch="False" />
          </lines>
        </class>
        <class name="DomoLibri.Domain.Entities.Editora" filename="DomoLibri.Domain\Entities\Editora.cs" line-rate="1" branch-rate="1" complexity="8">
          <methods>
            <method name="get_Id" signature="()" line-rate="1" branch-rate="1" complexity="1">
              <lines>
                <line number="6" hits="95" branch="False" />
              </lines>
            </method>
            <method name="get_Nome" signature="()" line-rate="1" branch-rate="1" complexity="1">
              <lines>
                <line number="8" hits="102" branch="False" />
              </lines>
            </method>
            <method name="get_Slug" signature="()" line-rate="1" branch-rate="1" complexity="1">
              <lines>
                <line number="9" hits="107" branch="False" />
              </lines>
            </method>
            <method name="get_LogoUrl" signature="()" line-rate="1" branch-rate="1" complexity="1">
              <lines>
                <line number="10" hits="15" branch="False" />
              </lines>
            </method>
            <method name="get_CorPrimaria" signature="()" line-rate="1" branch-rate="1" complexity="1">
              <lines>
                <line number="11" hits="15" branch="False" />
              </lines>
            </method>
            <method name="get_DataCriacao" signature="()" line-rate="1" branch-rate="1" complexity="1">
              <lines>
                <line number="13" hits="48" branch="False" />
              </lines>
            </method>
            <method name="get_Ativo" signature="()" line-rate="1" branch-rate="1" complexity="1">
              <lines>
                <line number="14" hits="49" branch="False" />
              </lines>
            </method>
            <method name="get_Usuarios" signature="()" line-rate="1" branch-rate="1" complexity="1">
              <lines>
                <line number="17" hits="56" branch="False" />
              </lines>
            </method>
          </methods>
          <lines>
            <line number="6" hits="95" branch="False" />
            <line number="8" hits="102" branch="False" />
            <line number="9" hits="107" branch="False" />
            <line number="10" hits="15" branch="False" />
            <line number="11" hits="15" branch="False" />
            <line number="13" hits="48" branch="False" />
            <line number="14" hits="49" branch="False" />
            <line number="17" hits="56" branch="False" />
          </lines>
        </class>
        <class name="DomoLibri.Domain.Entities.UsuarioEditora" filename="DomoLibri.Domain\Entities\UsuarioEditora.cs" line-rate="1" branch-rate="1" complexity="15">
          <methods>
            <method name="get_Id" signature="()" line-rate="1" branch-rate="1" complexity="1">
              <lines>
                <line number="8" hits="46" branch="False" />
              </lines>
            </method>
            <method name="get_EditoraId" signature="()" line-rate="1" branch-rate="1" complexity="1">
              <lines>
                <line number="11" hits="46" branch="False" />
              </lines>
            </method>
            <method name="get_Email" signature="()" line-rate="1" branch-rate="1" complexity="1">
              <lines>
                <line number="13" hits="138" branch="False" />
              </lines>
            </method>
            <method name="get_SenhaHash" signature="()" line-rate="1" branch-rate="1" complexity="1">
              <lines>
                <line number="14" hits="94" branch="False" />
              </lines>
            </method>
            <method name="get_Nome" signature="()" line-rate="1" branch-rate="1" complexity="1">
              <lines>
                <line number="15" hits="102" branch="False" />
              </lines>
            </method>
            <method name="get_Role" signature="()" line-rate="1" branch-rate="1" complexity="1">
              <lines>
                <line number="17" hits="46" branch="False" />
              </lines>
            </method>
            <method name="get_Ativo" signature="()" line-rate="1" branch-rate="1" complexity="1">
              <lines>
                <line number="18" hits="53" branch="False" />
              </lines>
            </method>
            <method name="get_EmailConfirmado" signature="()" line-rate="1" branch-rate="1" complexity="1">
              <lines>
                <line number="20" hits="51" branch="False" />
              </lines>
            </method>
            <method name="get_TokenConfirmacao" signature="()" line-rate="1" branch-rate="1" complexity="1">
              <lines>
                <line number="21" hits="27" branch="False" />
              </lines>
            </method>
            <method name="get_ExpiracaoToken" signature="()" line-rate="1" branch-rate="1" complexity="1">
              <lines>
                <line number="22" hits="26" branch="False" />
              </lines>
            </method>
            <method name="get_TokenRedefinicaoSenha" signature="()" line-rate="1" branch-rate="1" complexity="1">
              <lines>
                <line number="24" hits="13" branch="False" />
              </lines>
            </method>
            <method name="get_ExpiracaoTokenRedefinicaoSenha" signature="()" line-rate="1" branch-rate="1" complexity="1">
              <lines>
                <line number="25" hits="13" branch="False" />
              </lines>
            </method>
            <method name="get_AcessosFalhos" signature="()" line-rate="1" branch-rate="1" complexity="1">
              <lines>
                <line number="28" hits="24" branch="False" />
              </lines>
            </method>
            <method name="get_BloqueioAte" signature="()" line-rate="1" branch-rate="1" complexity="1">
              <lines>
                <line number="29" hits="26" branch="False" />
              </lines>
            </method>
            <method name="get_Editora" signature="()" line-rate="1" branch-rate="1" complexity="1">
              <lines>
                <line number="32" hits="4" branch="False" />
              </lines>
            </method>
          </methods>
          <lines>
            <line number="8" hits="46" branch="False" />
            <line number="11" hits="46" branch="False" />
            <line number="13" hits="138" branch="False" />
            <line number="14" hits="94" branch="False" />
            <line number="15" hits="102" branch="False" />
            <line number="17" hits="46" branch="False" />
            <line number="18" hits="53" branch="False" />
            <line number="20" hits="51" branch="False" />
            <line number="21" hits="27" branch="False" />
            <line number="22" hits="26" branch="False" />
            <line number="24" hits="13" branch="False" />
            <line number="25" hits="13" branch="False" />
            <line number="28" hits="24" branch="False" />
            <line number="29" hits="26" branch="False" />
            <line number="32" hits="4" branch="False" />
          </lines>
        </class>
      </classes>
    </package>
    <package name="DomoLibri.Infrastructure" line-rate="1" branch-rate="0.9" complexity="72">
      <classes>
        <class name="DomoLibri.Infrastructure.Services.AuthService" filename="DomoLibri.Infrastructure\Services\AuthService.cs" line-rate="1" branch-rate="0.75" complexity="8">
          <methods>
            <method name="GenerateJwt" signature="(DomoLibri.Domain.Entities.UsuarioEditora)" line-rate="1" branch-rate="0.75" complexity="4">
              <lines>
                <line number="244" hits="4" branch="False" />
                <line number="245" hits="4" branch="False" />
                <line number="246" hits="4" branch="False" />
                <line number="248" hits="4" branch="True" condition-coverage="100% (2/2)">
                  <conditions>
                    <condition number="44" type="jump" coverage="100%" />
                  </conditions>
                </line>
                <line number="249" hits="1" branch="False" />
                <line number="251" hits="3" branch="False" />
                <line number="252" hits="3" branch="False" />
                <line number="253" hits="3" branch="True" condition-coverage="50% (1/2)">
                  <conditions>
                    <condition number="93" type="jump" coverage="50%" />
                  </conditions>
                </line>
                <line number="255" hits="3" branch="False" />
                <line number="256" hits="3" branch="False" />
                <line number="258" hits="3" branch="False" />
                <line number="259" hits="3" branch="False" />
                <line number="260" hits="3" branch="False" />
                <line number="261" hits="3" branch="False" />
                <line number="262" hits="3" branch="False" />
                <line number="263" hits="3" branch="False" />
                <line number="264" hits="3" branch="False" />
                <line number="266" hits="3" branch="False" />
                <line number="267" hits="3" branch="False" />
                <line number="268" hits="3" branch="False" />
                <line number="269" hits="3" branch="False" />
                <line number="270" hits="3" branch="False" />
                <line number="271" hits="3" branch="False" />
                <line number="273" hits="3" branch="False" />
                <line number="274" hits="3" branch="False" />
              </lines>
            </method>
            <method name="HashToken" signature="(System.String)" line-rate="1" branch-rate="1" complexity="1">
              <lines>
                <line number="277" hits="18" branch="False" />
                <line number="278" hits="18" branch="False" />
                <line number="279" hits="18" branch="False" />
                <line number="280" hits="18" branch="False" />
                <line number="281" hits="18" branch="False" />
              </lines>
            </method>
            <method name="GenerateSecureToken" signature="()" line-rate="1" branch-rate="1" complexity="1">
              <lines>
                <line number="284" hits="11" branch="False" />
                <line number="285" hits="11" branch="False" />
                <line number="286" hits="11" branch="False" />
              </lines>
            </method>
            <method name="GerarSlug" signature="(System.String)" line-rate="1" branch-rate="1" complexity="1">
              <lines>
                <line number="289" hits="11" branch="False" />
                <line number="290" hits="11" branch="False" />
                <line number="292" hits="11" branch="False" />
                <line number="293" hits="11" branch="False" />
                <line number="294" hits="11" branch="False" />
                <line number="295" hits="11" branch="False" />
                <line number="296" hits="11" branch="False" />
                <line number="297" hits="11" branch="False" />
                <line number="298" hits="11" branch="False" />
                <line number="299" hits="11" branch="False" />
                <line number="300" hits="11" branch="False" />
                <line number="301" hits="11" branch="False" />
                <line number="303" hits="11" branch="False" />
                <line number="304" hits="11" branch="False" />
              </lines>
            </method>
            <method name=".ctor" signature="(DomoLibri.Infrastructure.Data.DomoLibriDbContext,Microsoft.Extensions.Configuration.IConfiguration,DomoLibri.Domain.Interfaces.IEmailService)" line-rate="1" branch-rate="1" complexity="1">
              <lines>
                <line number="23" hits="37" branch="False" />
                <line number="24" hits="37" branch="False" />
                <line number="25" hits="37" branch="False" />
                <line number="26" hits="37" branch="False" />
                <line number="27" hits="37" branch="False" />
                <line number="28" hits="37" branch="False" />
              </lines>
            </method>
          </methods>
          <lines>
            <line number="244" hits="4" branch="False" />
            <line number="245" hits="4" branch="False" />
            <line number="246" hits="4" branch="False" />
            <line number="248" hits="4" branch="True" condition-coverage="100% (2/2)">
              <conditions>
                <condition number="44" type="jump" coverage="100%" />
              </conditions>
            </line>
            <line number="249" hits="1" branch="False" />
            <line number="251" hits="3" branch="False" />
            <line number="252" hits="3" branch="False" />
            <line number="253" hits="3" branch="True" condition-coverage="50% (1/2)">
              <conditions>
                <condition number="93" type="jump" coverage="50%" />
              </conditions>
            </line>
            <line number="255" hits="3" branch="False" />
            <line number="256" hits="3" branch="False" />
            <line number="258" hits="3" branch="False" />
            <line number="259" hits="3" branch="False" />
            <line number="260" hits="3" branch="False" />
            <line number="261" hits="3" branch="False" />
            <line number="262" hits="3" branch="False" />
            <line number="263" hits="3" branch="False" />
            <line number="264" hits="3" branch="False" />
            <line number="266" hits="3" branch="False" />
            <line number="267" hits="3" branch="False" />
            <line number="268" hits="3" branch="False" />
            <line number="269" hits="3" branch="False" />
            <line number="270" hits="3" branch="False" />
            <line number="271" hits="3" branch="False" />
            <line number="273" hits="3" branch="False" />
            <line number="274" hits="3" branch="False" />
            <line number="277" hits="18" branch="False" />
            <line number="278" hits="18" branch="False" />
            <line number="279" hits="18" branch="False" />
            <line number="280" hits="18" branch="False" />
            <line number="281" hits="18" branch="False" />
            <line number="284" hits="11" branch="False" />
            <line number="285" hits="11" branch="False" />
            <line number="286" hits="11" branch="False" />
            <line number="289" hits="11" branch="False" />
            <line number="290" hits="11" branch="False" />
            <line number="292" hits="11" branch="False" />
            <line number="293" hits="11" branch="False" />
            <line number="294" hits="11" branch="False" />
            <line number="295" hits="11" branch="False" />
            <line number="296" hits="11" branch="False" />
            <line number="297" hits="11" branch="False" />
            <line number="298" hits="11" branch="False" />
            <line number="299" hits="11" branch="False" />
            <line number="300" hits="11" branch="False" />
            <line number="301" hits="11" branch="False" />
            <line number="303" hits="11" branch="False" />
            <line number="304" hits="11" branch="False" />
            <line number="23" hits="37" branch="False" />
            <line number="24" hits="37" branch="False" />
            <line number="25" hits="37" branch="False" />
            <line number="26" hits="37" branch="False" />
            <line number="27" hits="37" branch="False" />
            <line number="28" hits="37" branch="False" />
          </lines>
        </class>
        <class name="DomoLibri.Infrastructure.Services.AuthService/&lt;ForgotPasswordAsync&gt;d__8" filename="DomoLibri.Infrastructure\Services\AuthService.cs" line-rate="1" branch-rate="0.875" complexity="8">
          <methods>
            <method name="MoveNext" signature="()" line-rate="1" branch-rate="0.875" complexity="8">
              <lines>
                <line number="198" hits="4" branch="False" />
                <line number="199" hits="4" branch="False" />
                <line number="201" hits="4" branch="False" />
                <line number="202" hits="4" branch="False" />
                <line number="203" hits="4" branch="False" />
                <line number="206" hits="4" branch="True" condition-coverage="100% (6/6)">
                  <conditions>
                    <condition number="340" type="jump" coverage="100%" />
                    <condition number="353" type="jump" coverage="100%" />
                    <condition number="376" type="jump" coverage="100%" />
                  </conditions>
                </line>
                <line number="207" hits="3" branch="False" />
                <line number="209" hits="1" branch="False" />
                <line number="210" hits="1" branch="False" />
                <line number="211" hits="1" branch="False" />
                <line number="213" hits="1" branch="False" />
                <line number="215" hits="1" branch="True" condition-coverage="50% (1/2)">
                  <conditions>
                    <condition number="599" type="jump" coverage="50%" />
                  </conditions>
                </line>
                <line number="216" hits="1" branch="False" />
                <line number="217" hits="1" branch="False" />
                <line number="219" hits="1" branch="False" />
                <line number="220" hits="4" branch="False" />
              </lines>
            </method>
          </methods>
          <lines>
            <line number="198" hits="4" branch="False" />
            <line number="199" hits="4" branch="False" />
            <line number="201" hits="4" branch="False" />
            <line number="202" hits="4" branch="False" />
            <line number="203" hits="4" branch="False" />
            <line number="206" hits="4" branch="True" condition-coverage="100% (6/6)">
              <conditions>
                <condition number="340" type="jump" coverage="100%" />
                <condition number="353" type="jump" coverage="100%" />
                <condition number="376" type="jump" coverage="100%" />
              </conditions>
            </line>
            <line number="207" hits="3" branch="False" />
            <line number="209" hits="1" branch="False" />
            <line number="210" hits="1" branch="False" />
            <line number="211" hits="1" branch="False" />
            <line number="213" hits="1" branch="False" />
            <line number="215" hits="1" branch="True" condition-coverage="50% (1/2)">
              <conditions>
                <condition number="599" type="jump" coverage="50%" />
              </conditions>
            </line>
            <line number="216" hits="1" branch="False" />
            <line number="217" hits="1" branch="False" />
            <line number="219" hits="1" branch="False" />
            <line number="220" hits="4" branch="False" />
          </lines>
        </class>
        <class name="DomoLibri.Infrastructure.Services.AuthService/&lt;LoginAsync&gt;d__5" filename="DomoLibri.Infrastructure\Services\AuthService.cs" line-rate="1" branch-rate="1" complexity="18">
          <methods>
            <method name="MoveNext" signature="()" line-rate="1" branch-rate="1" complexity="18">
              <lines>
                <line number="100" hits="10" branch="False" />
                <line number="101" hits="10" branch="False" />
                <line number="102" hits="10" branch="False" />
                <line number="103" hits="10" branch="False" />
                <line number="105" hits="10" branch="True" condition-coverage="100% (2/2)">
                  <conditions>
                    <condition number="403" type="jump" coverage="100%" />
                  </conditions>
                </line>
                <line number="106" hits="1" branch="False" />
                <line number="108" hits="9" branch="True" condition-coverage="100% (2/2)">
                  <conditions>
                    <condition number="434" type="jump" coverage="100%" />
                  </conditions>
                </line>
                <line number="109" hits="1" branch="False" />
                <line number="111" hits="8" branch="True" condition-coverage="100% (2/2)">
                  <conditions>
                    <condition number="465" type="jump" coverage="100%" />
                  </conditions>
                </line>
                <line number="112" hits="1" branch="False" />
                <line number="115" hits="7" branch="True" condition-coverage="100% (4/4)">
                  <conditions>
                    <condition number="498" type="jump" coverage="100%" />
                    <condition number="537" type="jump" coverage="100%" />
                  </conditions>
                </line>
                <line number="116" hits="1" branch="False" />
                <line number="117" hits="1" branch="False" />
                <line number="118" hits="1" branch="False" />
                <line number="122" hits="6" branch="True" condition-coverage="100% (2/2)">
                  <conditions>
                    <condition number="694" type="jump" coverage="100%" />
                  </conditions>
                </line>
                <line number="123" hits="2" branch="False" />
                <line number="125" hits="2" branch="False" />
                <line number="127" hits="2" branch="True" condition-coverage="100% (2/2)">
                  <conditions>
                    <condition number="745" type="jump" coverage="100%" />
                  </conditions>
                </line>
                <line number="128" hits="1" branch="False" />
                <line number="129" hits="1" branch="False" />
                <line number="130" hits="1" branch="False" />
                <line number="131" hits="1" branch="False" />
                <line number="133" hits="2" branch="False" />
                <line number="134" hits="2" branch="False" />
                <line number="138" hits="4" branch="True" condition-coverage="100% (4/4)">
                  <conditions>
                    <condition number="945" type="jump" coverage="100%" />
                    <condition number="974" type="jump" coverage="100%" />
                  </conditions>
                </line>
                <line number="139" hits="1" branch="False" />
                <line number="140" hits="1" branch="False" />
                <line number="141" hits="1" branch="False" />
                <line number="142" hits="1" branch="False" />
                <line number="144" hits="4" branch="False" />
                <line number="146" hits="4" branch="False" />
                <line number="147" hits="3" branch="False" />
                <line number="148" hits="3" branch="False" />
              </lines>
            </method>
          </methods>
          <lines>
            <line number="100" hits="10" branch="False" />
            <line number="101" hits="10" branch="False" />
            <line number="102" hits="10" branch="False" />
            <line number="103" hits="10" branch="False" />
            <line number="105" hits="10" branch="True" condition-coverage="100% (2/2)">
              <conditions>
                <condition number="403" type="jump" coverage="100%" />
              </conditions>
            </line>
            <line number="106" hits="1" branch="False" />
            <line number="108" hits="9" branch="True" condition-coverage="100% (2/2)">
              <conditions>
                <condition number="434" type="jump" coverage="100%" />
              </conditions>
            </line>
            <line number="109" hits="1" branch="False" />
            <line number="111" hits="8" branch="True" condition-coverage="100% (2/2)">
              <conditions>
                <condition number="465" type="jump" coverage="100%" />
              </conditions>
            </line>
            <line number="112" hits="1" branch="False" />
            <line number="115" hits="7" branch="True" condition-coverage="100% (4/4)">
              <conditions>
                <condition number="498" type="jump" coverage="100%" />
                <condition number="537" type="jump" coverage="100%" />
              </conditions>
            </line>
            <line number="116" hits="1" branch="False" />
            <line number="117" hits="1" branch="False" />
            <line number="118" hits="1" branch="False" />
            <line number="122" hits="6" branch="True" condition-coverage="100% (2/2)">
              <conditions>
                <condition number="694" type="jump" coverage="100%" />
              </conditions>
            </line>
            <line number="123" hits="2" branch="False" />
            <line number="125" hits="2" branch="False" />
            <line number="127" hits="2" branch="True" condition-coverage="100% (2/2)">
              <conditions>
                <condition number="745" type="jump" coverage="100%" />
              </conditions>
            </line>
            <line number="128" hits="1" branch="False" />
            <line number="129" hits="1" branch="False" />
            <line number="130" hits="1" branch="False" />
            <line number="131" hits="1" branch="False" />
            <line number="133" hits="2" branch="False" />
            <line number="134" hits="2" branch="False" />
            <line number="138" hits="4" branch="True" condition-coverage="100% (4/4)">
              <conditions>
                <condition number="945" type="jump" coverage="100%" />
                <condition number="974" type="jump" coverage="100%" />
              </conditions>
            </line>
            <line number="139" hits="1" branch="False" />
            <line number="140" hits="1" branch="False" />
            <line number="141" hits="1" branch="False" />
            <line number="142" hits="1" branch="False" />
            <line number="144" hits="4" branch="False" />
            <line number="146" hits="4" branch="False" />
            <line number="147" hits="3" branch="False" />
            <line number="148" hits="3" branch="False" />
          </lines>
        </class>
        <class name="DomoLibri.Infrastructure.Services.AuthService/&lt;RegisterAsync&gt;d__4" filename="DomoLibri.Infrastructure\Services\AuthService.cs" line-rate="1" branch-rate="0.8332999999999999" complexity="6">
          <methods>
            <method name="MoveNext" signature="()" line-rate="1" branch-rate="0.8332999999999999" complexity="6">
              <lines>
                <line number="31" hits="11" branch="False" />
                <line number="32" hits="11" branch="False" />
                <line number="35" hits="11" branch="False" />
                <line number="37" hits="11" branch="False" />
                <line number="38" hits="11" branch="False" />
                <line number="40" hits="11" branch="True" condition-coverage="100% (2/2)">
                  <conditions>
                    <condition number="378" type="jump" coverage="100%" />
                  </conditions>
                </line>
                <line number="41" hits="1" branch="False" />
                <line number="44" hits="10" branch="False" />
                <line number="45" hits="10" branch="False" />
                <line number="46" hits="10" branch="False" />
                <line number="48" hits="10" branch="True" condition-coverage="100% (2/2)">
                  <conditions>
                    <condition number="677" type="jump" coverage="100%" />
                  </conditions>
                </line>
                <line number="49" hits="1" branch="False" />
                <line number="52" hits="1" branch="False" />
                <line number="53" hits="1" branch="False" />
                <line number="56" hits="1" branch="False" />
                <line number="59" hits="9" branch="False" />
                <line number="60" hits="9" branch="False" />
                <line number="61" hits="9" branch="False" />
                <line number="62" hits="9" branch="False" />
                <line number="63" hits="9" branch="False" />
                <line number="64" hits="9" branch="False" />
                <line number="65" hits="9" branch="False" />
                <line number="66" hits="9" branch="False" />
                <line number="68" hits="9" branch="False" />
                <line number="69" hits="9" branch="False" />
                <line number="70" hits="9" branch="False" />
                <line number="72" hits="9" branch="False" />
                <line number="73" hits="9" branch="False" />
                <line number="74" hits="9" branch="False" />
                <line number="75" hits="9" branch="False" />
                <line number="76" hits="9" branch="False" />
                <line number="77" hits="9" branch="False" />
                <line number="78" hits="9" branch="False" />
                <line number="79" hits="9" branch="False" />
                <line number="80" hits="9" branch="False" />
                <line number="81" hits="9" branch="False" />
                <line number="82" hits="9" branch="False" />
                <line number="83" hits="9" branch="False" />
                <line number="84" hits="9" branch="False" />
                <line number="86" hits="9" branch="False" />
                <line number="87" hits="9" branch="False" />
                <line number="88" hits="9" branch="False" />
                <line number="90" hits="9" branch="True" condition-coverage="50% (1/2)">
                  <conditions>
                    <condition number="1347" type="jump" coverage="50%" />
                  </conditions>
                </line>
                <line number="91" hits="9" branch="False" />
                <line number="92" hits="9" branch="False" />
                <line number="94" hits="9" branch="False" />
                <line number="96" hits="9" branch="False" />
                <line number="97" hits="10" branch="False" />
              </lines>
            </method>
          </methods>
          <lines>
            <line number="31" hits="11" branch="False" />
            <line number="32" hits="11" branch="False" />
            <line number="35" hits="11" branch="False" />
            <line number="37" hits="11" branch="False" />
            <line number="38" hits="11" branch="False" />
            <line number="40" hits="11" branch="True" condition-coverage="100% (2/2)">
              <conditions>
                <condition number="378" type="jump" coverage="100%" />
              </conditions>
            </line>
            <line number="41" hits="1" branch="False" />
            <line number="44" hits="10" branch="False" />
            <line number="45" hits="10" branch="False" />
            <line number="46" hits="10" branch="False" />
            <line number="48" hits="10" branch="True" condition-coverage="100% (2/2)">
              <conditions>
                <condition number="677" type="jump" coverage="100%" />
              </conditions>
            </line>
            <line number="49" hits="1" branch="False" />
            <line number="52" hits="1" branch="False" />
            <line number="53" hits="1" branch="False" />
[...]
            <line number="73" hits="9" branch="False" />
            <line number="74" hits="9" branch="False" />
            <line number="75" hits="9" branch="False" />
            <line number="76" hits="9" branch="False" />
            <line number="77" hits="9" branch="False" />
            <line number="78" hits="9" branch="False" />
            <line number="79" hits="9" branch="False" />
            <line number="80" hits="9" branch="False" />
            <line number="81" hits="9" branch="False" />
            <line number="82" hits="9" branch="False" />
            <line number="83" hits="9" branch="False" />
            <line number="84" hits="9" branch="False" />
            <line number="86" hits="9" branch="False" />
            <line number="87" hits="9" branch="False" />
            <line number="88" hits="9" branch="False" />
            <line number="90" hits="9" branch="True" condition-coverage="50% (1/2)">
              <conditions>
                <condition number="1347" type="jump" coverage="50%" />
              </conditions>
            </line>
            <line number="91" hits="9" branch="False" />
            <line number="92" hits="9" branch="False" />
            <line number="94" hits="9" branch="False" />
            <line number="96" hits="9" branch="False" />
            <line number="97" hits="10" branch="False" />
          </lines>
        </class>
        <class name="DomoLibri.Infrastructure.Services.AuthService/&lt;ResendVerificationEmailAsync&gt;d__7" filename="DomoLibri.Infrastructure\Services\AuthService.cs" line-rate="1" branch-rate="0.8332999999999999" complexity="6">
          <methods>
            <method name="MoveNext" signature="()" line-rate="1" branch-rate="0.8332999999999999" complexity="6">
              <lines>
                <line number="173" hits="3" branch="False" />
                <line number="174" hits="3" branch="False" />
                <line number="176" hits="3" branch="False" />
                <line number="177" hits="3" branch="False" />
                <line number="178" hits="3" branch="False" />
                <line number="181" hits="3" branch="True" condition-coverage="100% (4/4)">
                  <conditions>
                    <condition number="335" type="jump" coverage="100%" />
                    <condition number="355" type="jump" coverage="100%" />
                  </conditions>
                </line>
                <line number="182" hits="2" branch="False" />
                <line number="184" hits="1" branch="False" />
                <line number="185" hits="1" branch="False" />
                <line number="186" hits="1" branch="False" />
                <line number="188" hits="1" branch="False" />
                <line number="190" hits="1" branch="True" condition-coverage="50% (1/2)">
                  <conditions>
                    <condition number="578" type="jump" coverage="50%" />
                  </conditions>
                </line>
                <line number="191" hits="1" branch="False" />
                <line number="192" hits="1" branch="False" />
                <line number="194" hits="1" branch="False" />
                <line number="195" hits="3" branch="False" />
              </lines>
            </method>
          </methods>
          <lines>
            <line number="173" hits="3" branch="False" />
            <line number="174" hits="3" branch="False" />
            <line number="176" hits="3" branch="False" />
            <line number="177" hits="3" branch="False" />
            <line number="178" hits="3" branch="False" />
            <line number="181" hits="3" branch="True" condition-coverage="100% (4/4)">
              <conditions>
                <condition number="335" type="jump" coverage="100%" />
                <condition number="355" type="jump" coverage="100%" />
              </conditions>
            </line>
            <line number="182" hits="2" branch="False" />
            <line number="184" hits="1" branch="False" />
            <line number="185" hits="1" branch="False" />
            <line number="186" hits="1" branch="False" />
            <line number="188" hits="1" branch="False" />
            <line number="190" hits="1" branch="True" condition-coverage="50% (1/2)">
              <conditions>
                <condition number="578" type="jump" coverage="50%" />
              </conditions>
            </line>
            <line number="191" hits="1" branch="False" />
            <line number="192" hits="1" branch="False" />
            <line number="194" hits="1" branch="False" />
            <line number="195" hits="3" branch="False" />
          </lines>
        </class>
        <class name="DomoLibri.Infrastructure.Services.AuthService/&lt;ResetPasswordAsync&gt;d__9" filename="DomoLibri.Infrastructure\Services\AuthService.cs" line-rate="1" branch-rate="0.875" complexity="8">
          <methods>
            <method name="MoveNext" signature="()" line-rate="1" branch-rate="0.875" complexity="8">
              <lines>
                <line number="223" hits="4" branch="False" />
                <line number="224" hits="4" branch="False" />
                <line number="226" hits="4" branch="False" />
                <line number="227" hits="4" branch="False" />
                <line number="228" hits="4" branch="False" />
                <line number="230" hits="4" branch="True" condition-coverage="100% (4/4)">
                  <conditions>
                    <condition number="326" type="jump" coverage="100%" />
                    <condition number="367" type="jump" coverage="100%" />
                  </conditions>
                </line>
                <line number="231" hits="2" branch="False" />
                <line number="233" hits="2" branch="True" condition-coverage="75% (3/4)">
                  <conditions>
                    <condition number="407" type="jump" coverage="50%" />
                    <condition number="430" type="jump" coverage="100%" />
                  </conditions>
                </line>
                <line number="234" hits="1" branch="False" />
                <line number="236" hits="1" branch="False" />
                <line number="237" hits="1" branch="False" />
                <line number="238" hits="1" branch="False" />
                <line number="240" hits="1" branch="False" />
                <line number="241" hits="1" branch="False" />
              </lines>
            </method>
          </methods>
          <lines>
            <line number="223" hits="4" branch="False" />
            <line number="224" hits="4" branch="False" />
            <line number="226" hits="4" branch="False" />
            <line number="227" hits="4" branch="False" />
            <line number="228" hits="4" branch="False" />
            <line number="230" hits="4" branch="True" condition-coverage="100% (4/4)">
              <conditions>
                <condition number="326" type="jump" coverage="100%" />
                <condition number="367" type="jump" coverage="100%" />
              </conditions>
            </line>
            <line number="231" hits="2" branch="False" />
            <line number="233" hits="2" branch="True" condition-coverage="75% (3/4)">
              <conditions>
                <condition number="407" type="jump" coverage="50%" />
                <condition number="430" type="jump" coverage="100%" />
              </conditions>
            </line>
            <line number="234" hits="1" branch="False" />
            <line number="236" hits="1" branch="False" />
            <line number="237" hits="1" branch="False" />
            <line number="238" hits="1" branch="False" />
            <line number="240" hits="1" branch="False" />
            <line number="241" hits="1" branch="False" />
          </lines>
        </class>
        <class name="DomoLibri.Infrastructure.Services.AuthService/&lt;VerifyEmailAsync&gt;d__6" filename="DomoLibri.Infrastructure\Services\AuthService.cs" line-rate="1" branch-rate="0.9" complexity="10">
          <methods>
            <method name="MoveNext" signature="()" line-rate="1" branch-rate="0.9" complexity="10">
              <lines>
                <line number="151" hits="5" branch="False" />
                <line number="152" hits="5" branch="False" />
                <line number="153" hits="5" branch="False" />
                <line number="154" hits="5" branch="False" />
                <line number="156" hits="5" branch="True" condition-coverage="100% (4/4)">
                  <conditions>
                    <condition number="381" type="jump" coverage="100%" />
                    <condition number="427" type="jump" coverage="100%" />
                  </conditions>
                </line>
                <line number="157" hits="2" branch="False" />
                <line number="159" hits="3" branch="True" condition-coverage="75% (3/4)">
                  <conditions>
                    <condition number="467" type="jump" coverage="50%" />
                    <condition number="490" type="jump" coverage="100%" />
                  </conditions>
                </line>
                <line number="160" hits="1" branch="False" />
                <line number="162" hits="2" branch="True" condition-coverage="100% (2/2)">
                  <conditions>
                    <condition number="518" type="jump" coverage="100%" />
                  </conditions>
                </line>
                <line number="163" hits="1" branch="False" />
                <line number="165" hits="1" branch="False" />
                <line number="166" hits="1" branch="False" />
                <line number="167" hits="1" branch="False" />
                <line number="169" hits="1" branch="False" />
                <line number="170" hits="1" branch="False" />
              </lines>
            </method>
          </methods>
          <lines>
            <line number="151" hits="5" branch="False" />
            <line number="152" hits="5" branch="False" />
            <line number="153" hits="5" branch="False" />
            <line number="154" hits="5" branch="False" />
            <line number="156" hits="5" branch="True" condition-coverage="100% (4/4)">
              <conditions>
                <condition number="381" type="jump" coverage="100%" />
                <condition number="427" type="jump" coverage="100%" />
              </conditions>
            </line>
            <line number="157" hits="2" branch="False" />
            <line number="159" hits="3" branch="True" condition-coverage="75% (3/4)">
              <conditions>
                <condition number="467" type="jump" coverage="50%" />
                <condition number="490" type="jump" coverage="100%" />
              </conditions>
            </line>
            <line number="160" hits="1" branch="False" />
            <line number="162" hits="2" branch="True" condition-coverage="100% (2/2)">
              <conditions>
                <condition number="518" type="jump" coverage="100%" />
              </conditions>
            </line>
            <line number="163" hits="1" branch="False" />
            <line number="165" hits="1" branch="False" />
            <line number="166" hits="1" branch="False" />
            <line number="167" hits="1" branch="False" />
            <line number="169" hits="1" branch="False" />
            <line number="170" hits="1" branch="False" />
          </lines>
        </class>
        <class name="DomoLibri.Infrastructure.Services.ConsoleEmailService" filename="DomoLibri.Infrastructure\Services\ConsoleEmailService.cs" line-rate="1" branch-rate="1" complexity="4">
          <methods>
            <method name="SendEmailAsync" signature="(System.String,System.String,System.String)" line-rate="1" branch-rate="1" complexity="1">
              <lines>
                <line number="16" hits="3" branch="False" />
                <line number="17" hits="3" branch="False" />
                <line number="18" hits="3" branch="False" />
                <line number="19" hits="3" branch="False" />
                <line number="21" hits="3" branch="False" />
                <line number="22" hits="3" branch="False" />
              </lines>
            </method>
            <method name="SendVerificationEmailAsync" signature="(System.String,System.String,System.String)" line-rate="1" branch-rate="1" complexity="1">
              <lines>
                <line number="25" hits="3" branch="False" />
                <line number="26" hits="3" branch="False" />
                <line number="27" hits="3" branch="False" />
                <line number="28" hits="3" branch="False" />
                <line number="30" hits="3" branch="False" />
                <line number="31" hits="3" branch="False" />
              </lines>
            </method>
            <method name="SendPasswordResetEmailAsync" signature="(System.String,System.String,System.String)" line-rate="1" branch-rate="1" complexity="1">
              <lines>
                <line number="34" hits="3" branch="False" />
                <line number="35" hits="3" branch="False" />
                <line number="36" hits="3" branch="False" />
                <line number="37" hits="3" branch="False" />
                <line number="39" hits="3" branch="False" />
                <line number="40" hits="3" branch="False" />
              </lines>
            </method>
            <method name=".ctor" signature="(Microsoft.Extensions.Logging.ILogger`1&lt;DomoLibri.Infrastructure.Services.ConsoleEmailService&gt;)" line-rate="1" branch-rate="1" complexity="1">
              <lines>
                <line number="10" hits="10" branch="False" />
                <line number="11" hits="10" branch="False" />
                <line number="12" hits="10" branch="False" />
                <line number="13" hits="10" branch="False" />
              </lines>
            </method>
          </methods>
          <lines>
            <line number="16" hits="3" branch="False" />
            <line number="17" hits="3" branch="False" />
            <line number="18" hits="3" branch="False" />
            <line number="19" hits="3" branch="False" />
            <line number="21" hits="3" branch="False" />
            <line number="22" hits="3" branch="False" />
            <line number="25" hits="3" branch="False" />
            <line number="26" hits="3" branch="False" />
            <line number="27" hits="3" branch="False" />
            <line number="28" hits="3" branch="False" />
            <line number="30" hits="3" branch="False" />
            <line number="31" hits="3" branch="False" />
            <line number="34" hits="3" branch="False" />
            <line number="35" hits="3" branch="False" />
            <line number="36" hits="3" branch="False" />
            <line number="37" hits="3" branch="False" />
            <line number="39" hits="3" branch="False" />
            <line number="40" hits="3" branch="False" />
            <line number="10" hits="10" branch="False" />
            <line number="11" hits="10" branch="False" />
            <line number="12" hits="10" branch="False" />
            <line number="13" hits="10" branch="False" />
          </lines>
        </class>
        <class name="DomoLibri.Infrastructure.Data.DomoLibriDbContext" filename="DomoLibri.Infrastructure\Data\DomoLibriDbContext.cs" line-rate="1" branch-rate="1" complexity="4">
          <methods>
            <method name="get_Editoras" signature="()" line-rate="1" branch-rate="1" complexity="1">
              <lines>
                <line number="23" hits="71" branch="False" />
              </lines>
            </method>
            <method name="get_UsuariosEditora" signature="()" line-rate="1" branch-rate="1" complexity="1">
              <lines>
                <line number="24" hits="84" branch="False" />
              </lines>
            </method>
            <method name="OnModelCreating" signature="(Microsoft.EntityFrameworkCore.ModelBuilder)" line-rate="1" branch-rate="1" complexity="1">
              <lines>
                <line number="27" hits="1" branch="False" />
                <line number="28" hits="1" branch="False" />
                <line number="34" hits="1" branch="False" />
                <line number="35" hits="1" branch="False" />
                <line number="38" hits="1" branch="False" />
                <line number="39" hits="1" branch="False" />
                <line number="40" hits="1" branch="False" />
                <line number="41" hits="1" branch="False" />
                <line number="42" hits="2" branch="False" />
                <line number="44" hits="1" branch="False" />
                <line number="45" hits="1" branch="False" />
                <line number="46" hits="1" branch="False" />
                <line number="47" hits="1" branch="False" />
                <line number="48" hits="1" branch="False" />
                <line number="49" hits="1" branch="False" />
                <line number="50" hits="1" branch="False" />
                <line number="51" hits="1" branch="False" />
                <line number="52" hits="1" branch="False" />
                <line number="53" hits="1" branch="False" />
                <line number="54" hits="1" branch="False" />
                <line number="55" hits="1" branch="False" />
                <line number="56" hits="2" branch="False" />
                <line number="57" hits="1" branch="False" />
              </lines>
            </method>
            <method name=".ctor" signature="(Microsoft.EntityFrameworkCore.DbContextOptions`1&lt;DomoLibri.Infrastructure.Data.DomoLibriDbContext&gt;,DomoLibri.Infrastructure.Data.ITenantProvider)" line-rate="1" branch-rate="1" complexity="1">
              <lines>
                <line number="18" hits="52" branch="False" />
                <line number="19" hits="52" branch="False" />
                <line number="20" hits="52" branch="False" />
                <line number="21" hits="52" branch="False" />
              </lines>
            </method>
          </methods>
          <lines>
            <line number="23" hits="71" branch="False" />
            <line number="24" hits="84" branch="False" />
            <line number="27" hits="1" branch="False" />
            <line number="28" hits="1" branch="False" />
            <line number="34" hits="1" branch="False" />
            <line number="35" hits="1" branch="False" />
            <line number="38" hits="1" branch="False" />
            <line number="39" hits="1" branch="False" />
            <line number="40" hits="1" branch="False" />
            <line number="41" hits="1" branch="False" />
            <line number="42" hits="2" branch="False" />
            <line number="44" hits="1" branch="False" />
            <line number="45" hits="1" branch="False" />
            <line number="46" hits="1" branch="False" />
            <line number="47" hits="1" branch="False" />
            <line number="48" hits="1" branch="False" />
            <line number="49" hits="1" branch="False" />
            <line number="50" hits="1" branch="False" />
            <line number="51" hits="1" branch="False" />
            <line number="52" hits="1" branch="False" />
            <line number="53" hits="1" branch="False" />
            <line number="54" hits="1" branch="False" />
            <line number="55" hits="1" branch="False" />
            <line number="56" hits="2" branch="False" />
            <line number="57" hits="1" branch="False" />
            <line number="18" hits="52" branch="False" />
            <line number="19" hits="52" branch="False" />
            <line number="20" hits="52" branch="False" />
            <line number="21" hits="52" branch="False" />
          </lines>
        </class>
      </classes>
    </package>
  </packages>
</coverage>